[0m00:10:46.436247 [debug] [MainThread]: Sending event: {'category': 'dbt', 'action': 'invocation', 'label': 'start', 'context': [<snowplow_tracker.self_describing_json.SelfDescribingJson object at 0x7ff817026670>, <snowplow_tracker.self_describing_json.SelfDescribingJson object at 0x7ff81531a130>, <snowplow_tracker.self_describing_json.SelfDescribingJson object at 0x7ff81531a100>]}


============================== 00:10:46.463119 | c7790792-5af5-49ed-99cd-c42d32a75179 ==============================
[0m00:10:46.463119 [info ] [MainThread]: Running with dbt=1.5.1
[0m00:10:46.465087 [debug] [MainThread]: running dbt with arguments {'printer_width': '80', 'indirect_selection': 'eager', 'log_cache_events': 'False', 'write_json': 'True', 'partial_parse': 'True', 'cache_selected_only': 'False', 'profiles_dir': '/home/annsmi/.dbt', 'fail_fast': 'False', 'debug': 'False', 'log_path': 'logs', 'warn_error': 'None', 'version_check': 'True', 'use_colors': 'True', 'use_experimental_parser': 'False', 'no_print': 'None', 'quiet': 'False', 'log_format': 'default', 'introspect': 'True', 'static_parser': 'True', 'warn_error_options': 'WarnErrorOptions(include=[], exclude=[])', 'target_path': 'None', 'send_anonymous_usage_stats': 'True'}
[0m00:11:06.362226 [debug] [MainThread]: Starter project path: /mnt/c/users/annas/desktop/north/northwind-analysis/dbt-env/lib/python3.8/site-packages/dbt/include/starter_project
[0m00:14:52.408859 [info ] [MainThread]: Profile ae written to /home/annsmi/.dbt/profiles.yml using target's profile_template.yml and your supplied values. Run 'dbt debug' to validate the connection.
[0m00:14:52.411280 [info ] [MainThread]: 
Your new dbt project "ae" was created!

For more information on how to configure the profiles.yml file,
please consult the dbt documentation here:

  https://docs.getdbt.com/docs/configure-your-profile

One more thing:

Need help? Don't hesitate to reach out to us via GitHub issues or on Slack:

  https://community.getdbt.com/

Happy modeling!

[0m00:14:52.413370 [debug] [MainThread]: Command `dbt init` succeeded at 00:14:52.412966 after 246.24 seconds
[0m00:14:52.414725 [debug] [MainThread]: Sending event: {'category': 'dbt', 'action': 'invocation', 'label': 'end', 'context': [<snowplow_tracker.self_describing_json.SelfDescribingJson object at 0x7ff817026670>, <snowplow_tracker.self_describing_json.SelfDescribingJson object at 0x7ff81311be20>, <snowplow_tracker.self_describing_json.SelfDescribingJson object at 0x7ff81311bb80>]}
[0m00:14:52.416066 [debug] [MainThread]: Flushing usage events
[0m00:16:02.260469 [debug] [MainThread]: Sending event: {'category': 'dbt', 'action': 'invocation', 'label': 'start', 'context': [<snowplow_tracker.self_describing_json.SelfDescribingJson object at 0x7f71e509f7f0>, <snowplow_tracker.self_describing_json.SelfDescribingJson object at 0x7f71e3393130>, <snowplow_tracker.self_describing_json.SelfDescribingJson object at 0x7f71e3393100>]}


============================== 00:16:02.286217 | 151cbb73-1c5a-4074-be9e-27a53ec572a8 ==============================
[0m00:16:02.286217 [info ] [MainThread]: Running with dbt=1.5.1
[0m00:16:02.288106 [debug] [MainThread]: running dbt with arguments {'printer_width': '80', 'indirect_selection': 'eager', 'log_cache_events': 'False', 'write_json': 'True', 'partial_parse': 'True', 'cache_selected_only': 'False', 'warn_error': 'None', 'fail_fast': 'False', 'debug': 'False', 'log_path': 'logs', 'version_check': 'True', 'profiles_dir': '/home/annsmi/.dbt', 'use_colors': 'True', 'use_experimental_parser': 'False', 'no_print': 'None', 'quiet': 'False', 'log_format': 'default', 'static_parser': 'True', 'warn_error_options': 'WarnErrorOptions(include=[], exclude=[])', 'introspect': 'True', 'target_path': 'None', 'send_anonymous_usage_stats': 'True'}
[0m00:16:02.290804 [info ] [MainThread]: dbt version: 1.5.1
[0m00:16:02.292270 [info ] [MainThread]: python version: 3.8.0
[0m00:16:02.293611 [info ] [MainThread]: python path: /mnt/c/users/annas/desktop/north/northwind-analysis/dbt-env/bin/python3.8
[0m00:16:02.294902 [info ] [MainThread]: os info: Linux-5.15.90.1-microsoft-standard-WSL2-x86_64-with-glibc2.27
[0m00:16:02.296371 [info ] [MainThread]: Using profiles.yml file at /home/annsmi/.dbt/profiles.yml
[0m00:16:02.297641 [info ] [MainThread]: Using dbt_project.yml file at /mnt/c/users/annas/desktop/north/northwind-analysis/dbt_project.yml
[0m00:16:02.298954 [info ] [MainThread]: Configuration:
[0m00:16:17.057127 [info ] [MainThread]:   profiles.yml file [[31mERROR invalid[0m]
[0m00:16:17.059353 [info ] [MainThread]:   dbt_project.yml file [[31mERROR not found[0m]
[0m00:16:17.060753 [info ] [MainThread]: Required dependencies:
[0m00:16:17.062156 [debug] [MainThread]: Executing "git --help"
[0m00:16:17.082356 [debug] [MainThread]: STDOUT: "b"usage: git [--version] [--help] [-C <path>] [-c <name>=<value>]\n           [--exec-path[=<path>]] [--html-path] [--man-path] [--info-path]\n           [-p | --paginate | --no-pager] [--no-replace-objects] [--bare]\n           [--git-dir=<path>] [--work-tree=<path>] [--namespace=<name>]\n           <command> [<args>]\n\nThese are common Git commands used in various situations:\n\nstart a working area (see also: git help tutorial)\n   clone      Clone a repository into a new directory\n   init       Create an empty Git repository or reinitialize an existing one\n\nwork on the current change (see also: git help everyday)\n   add        Add file contents to the index\n   mv         Move or rename a file, a directory, or a symlink\n   reset      Reset current HEAD to the specified state\n   rm         Remove files from the working tree and from the index\n\nexamine the history and state (see also: git help revisions)\n   bisect     Use binary search to find the commit that introduced a bug\n   grep       Print lines matching a pattern\n   log        Show commit logs\n   show       Show various types of objects\n   status     Show the working tree status\n\ngrow, mark and tweak your common history\n   branch     List, create, or delete branches\n   checkout   Switch branches or restore working tree files\n   commit     Record changes to the repository\n   diff       Show changes between commits, commit and working tree, etc\n   merge      Join two or more development histories together\n   rebase     Reapply commits on top of another base tip\n   tag        Create, list, delete or verify a tag object signed with GPG\n\ncollaborate (see also: git help workflows)\n   fetch      Download objects and refs from another repository\n   pull       Fetch from and integrate with another repository or a local branch\n   push       Update remote refs along with associated objects\n\n'git help -a' and 'git help -g' list available subcommands and some\nconcept guides. See 'git help <command>' or 'git help <concept>'\nto read about a specific subcommand or concept.\n""
[0m00:16:17.083775 [debug] [MainThread]: STDERR: "b''"
[0m00:16:17.085005 [info ] [MainThread]:  - git [[32mOK found[0m]

[0m00:16:17.086384 [info ] [MainThread]: [31m2 checks failed:[0m
[0m00:16:17.087761 [info ] [MainThread]: Could not load dbt_project.yml

[0m00:16:17.089048 [info ] [MainThread]: Profile loading failed for the following reason:
Runtime Error
  Credentials in profile "default", target "dev" invalid: ['GCP project id'] is not valid under any of the given schemas


[0m00:16:17.090930 [debug] [MainThread]: Command `dbt debug` failed at 00:16:17.090633 after 15.08 seconds
[0m00:16:17.092548 [debug] [MainThread]: Sending event: {'category': 'dbt', 'action': 'invocation', 'label': 'end', 'context': [<snowplow_tracker.self_describing_json.SelfDescribingJson object at 0x7f71e509f7f0>, <snowplow_tracker.self_describing_json.SelfDescribingJson object at 0x7f71e110cd00>, <snowplow_tracker.self_describing_json.SelfDescribingJson object at 0x7f71e110c970>]}
[0m00:16:17.094074 [debug] [MainThread]: Flushing usage events
[0m00:25:52.382680 [debug] [MainThread]: Sending event: {'category': 'dbt', 'action': 'invocation', 'label': 'start', 'context': [<snowplow_tracker.self_describing_json.SelfDescribingJson object at 0x7f1c797dc910>, <snowplow_tracker.self_describing_json.SelfDescribingJson object at 0x7f1c77ad0130>, <snowplow_tracker.self_describing_json.SelfDescribingJson object at 0x7f1c77ad0100>]}


============================== 00:25:52.407697 | 561e1ff5-9956-427f-b8f6-e294da787026 ==============================
[0m00:25:52.407697 [info ] [MainThread]: Running with dbt=1.5.1
[0m00:25:52.409355 [debug] [MainThread]: running dbt with arguments {'printer_width': '80', 'indirect_selection': 'eager', 'write_json': 'True', 'log_cache_events': 'False', 'partial_parse': 'True', 'cache_selected_only': 'False', 'profiles_dir': '/home/annsmi/.dbt', 'version_check': 'True', 'fail_fast': 'False', 'log_path': 'logs', 'debug': 'False', 'warn_error': 'None', 'use_colors': 'True', 'use_experimental_parser': 'False', 'no_print': 'None', 'quiet': 'False', 'log_format': 'default', 'introspect': 'True', 'warn_error_options': 'WarnErrorOptions(include=[], exclude=[])', 'static_parser': 'True', 'target_path': 'None', 'send_anonymous_usage_stats': 'True'}
[0m00:25:52.411275 [warn ] [MainThread]: [OpenCommand]: Unable to parse dict {'open_cmd': 'xdg-open', 'profiles_dir': PosixPath('/home/annsmi/.dbt')}
[0m00:25:52.412496 [info ] [MainThread]: To view your profiles.yml file, run:

 
[0m00:25:52.414493 [debug] [MainThread]: Command `dbt debug` succeeded at 00:25:52.414228 after 0.26 seconds
[0m00:25:52.415722 [debug] [MainThread]: Sending event: {'category': 'dbt', 'action': 'invocation', 'label': 'end', 'context': [<snowplow_tracker.self_describing_json.SelfDescribingJson object at 0x7f1c797dc910>, <snowplow_tracker.self_describing_json.SelfDescribingJson object at 0x7f1c77ad0130>, <snowplow_tracker.self_describing_json.SelfDescribingJson object at 0x7f1c77ad0040>]}
[0m00:25:52.417048 [debug] [MainThread]: Flushing usage events
